[2022/03/18 15:07:47] -------------------------------------
[2022/03/18 15:07:47] storeFile Call
[2022/03/18 15:07:47] [2107060101.zip] Directory Exception occurred.
[2022/03/18 15:07:47] -------------------------------------
[2022/03/18 15:07:47] -------------------------------------
[2022/03/18 15:07:47] storeFile Call
[2022/03/18 15:07:47] [2107060101.zip] 파일 업로드에 실패하였습니다. 다시 시도하십시오.
[2022/03/18 15:07:47] Exception : java.io.FileNotFoundException: D:\g119\sync\2107060101.zip (지정된 파일을 찾을 수 없습니다)
[2022/03/18 15:07:47] -------------------------------------
[2022/03/18 15:08:02] -------------------------------------
[2022/03/18 15:08:02] storeFile Call
[2022/03/18 15:08:02] [2107060101.zip] Directory Exception occurred.
[2022/03/18 15:08:02] -------------------------------------
[2022/03/18 15:08:02] -------------------------------------
[2022/03/18 15:08:02] storeFile Call
[2022/03/18 15:08:02] [2107060101.zip] 파일 업로드에 실패하였습니다. 다시 시도하십시오.
[2022/03/18 15:08:02] Exception : java.io.FileNotFoundException: D:\g119\sync\2107060101.zip (지정된 파일을 찾을 수 없습니다)
[2022/03/18 15:08:02] -------------------------------------
[2022/03/18 15:09:10] -------------------------------------
[2022/03/18 15:09:10] storeFile Call
[2022/03/18 15:09:10] [2107060101.zip] Directory Exception occurred.
[2022/03/18 15:09:10] -------------------------------------
[2022/03/18 15:09:10] -------------------------------------
[2022/03/18 15:09:10] storeFile Call
[2022/03/18 15:09:10] [2107060101.zip] 파일 업로드에 실패하였습니다. 다시 시도하십시오.
[2022/03/18 15:09:10] Exception : java.io.FileNotFoundException: D:\g119\sync\2107060101.zip (지정된 파일을 찾을 수 없습니다)
[2022/03/18 15:09:10] -------------------------------------
[2022/03/18 15:09:15] -------------------------------------
[2022/03/18 15:09:15] storeFile Call
[2022/03/18 15:09:15] [2107060101.zip] Directory Exception occurred.
[2022/03/18 15:09:15] -------------------------------------
[2022/03/18 15:09:15] -------------------------------------
[2022/03/18 15:09:15] storeFile Call
[2022/03/18 15:09:15] [2107060101.zip] 파일 업로드에 실패하였습니다. 다시 시도하십시오.
[2022/03/18 15:09:15] Exception : java.io.FileNotFoundException: D:\g119\sync\2107060101.zip (지정된 파일을 찾을 수 없습니다)
[2022/03/18 15:09:15] -------------------------------------
[2022/03/18 15:09:34] -------------------------------------
[2022/03/18 15:09:34] storeFile Call
[2022/03/18 15:09:34] [2107060101.zip] Directory Exception occurred.
[2022/03/18 15:09:34] -------------------------------------
[2022/03/18 15:09:34] -------------------------------------
[2022/03/18 15:09:34] storeFile Call
[2022/03/18 15:09:34] [2107060101.zip] 파일 업로드에 실패하였습니다. 다시 시도하십시오.
[2022/03/18 15:09:34] Exception : java.io.FileNotFoundException: D:\g119\sync\2107060101.zip (지정된 파일을 찾을 수 없습니다)
[2022/03/18 15:09:34] -------------------------------------
[2022/03/18 15:09:58] -------------------------------------
[2022/03/18 15:09:58] storeFile Call
[2022/03/18 15:09:58] [2107060101.zip] Directory Exception occurred.
[2022/03/18 15:09:58] -------------------------------------
[2022/03/18 15:09:58] -------------------------------------
[2022/03/18 15:09:58] storeFile Call
[2022/03/18 15:09:58] [2107060101.zip] 파일 업로드에 실패하였습니다. 다시 시도하십시오.
[2022/03/18 15:09:58] Exception : java.io.FileNotFoundException: D:\g119\sync\2107060101.zip (지정된 파일을 찾을 수 없습니다)
[2022/03/18 15:09:58] -------------------------------------
[2023/09/11 19:23:08] -------------------------------------
[2023/09/11 19:23:08] FileUploadDownloadService Call
[2023/09/11 19:23:08] 파일을 업로드할 디렉토리를 생성하지 못했습니다.
[2023/09/11 19:23:08] -------------------------------------
