[2022-06-24 11:06:56:982][restartedMain] INFO  k.n.s.G119FileApiServicesApplication - Starting G119FileApiServicesApplication using Java 1.8.0_241 on DESKTOP-SINPIE2 with PID 7668 (C:\project\apiproject\g119FileApiServices\target\classes started by USER in C:\project\apiproject\g119FileApiServices)
[2022-06-24 11:06:56:990][restartedMain] DEBUG k.n.s.G119FileApiServicesApplication - Running with Spring Boot v2.5.6, Spring v5.3.12
[2022-06-24 11:06:56:990][restartedMain] INFO  k.n.s.G119FileApiServicesApplication - No active profile set, falling back to default profiles: default
[2022-06-24 11:07:00:4944][restartedMain] INFO  k.n.s.G119FileApiServicesApplication - Started G119FileApiServicesApplication in 4.615 seconds (JVM running for 6.165)
[2022-06-24 11:30:52:1436421][restartedMain] INFO  k.n.s.G119FileApiServicesApplication - Starting G119FileApiServicesApplication using Java 1.8.0_241 on DESKTOP-SINPIE2 with PID 7668 (C:\project\apiproject\g119FileApiServices\target\classes started by USER in C:\project\apiproject\g119FileApiServices)
[2022-06-24 11:30:52:1436421][restartedMain] DEBUG k.n.s.G119FileApiServicesApplication - Running with Spring Boot v2.5.6, Spring v5.3.12
[2022-06-24 11:30:52:1436421][restartedMain] INFO  k.n.s.G119FileApiServicesApplication - No active profile set, falling back to default profiles: default
[2022-06-24 11:30:53:1437807][restartedMain] INFO  k.n.s.G119FileApiServicesApplication - Started G119FileApiServicesApplication in 1.443 seconds (JVM running for 1439.028)
[2022-06-24 14:03:12:912][restartedMain] INFO  k.n.s.G119FileApiServicesApplication - Starting G119FileApiServicesApplication using Java 1.8.0_241 on DESKTOP-SINPIE2 with PID 11996 (C:\project\apiproject\g119FileApiServices\target\classes started by USER in C:\project\apiproject\g119FileApiServices)
[2022-06-24 14:03:12:913][restartedMain] DEBUG k.n.s.G119FileApiServicesApplication - Running with Spring Boot v2.5.6, Spring v5.3.12
[2022-06-24 14:03:12:914][restartedMain] INFO  k.n.s.G119FileApiServicesApplication - No active profile set, falling back to default profiles: default
[2022-06-24 14:03:15:4451][restartedMain] INFO  k.n.s.G119FileApiServicesApplication - Started G119FileApiServicesApplication in 4.155 seconds (JVM running for 5.695)
[2022-06-24 14:27:08:1437436][restartedMain] INFO  k.n.s.G119FileApiServicesApplication - Starting G119FileApiServicesApplication using Java 1.8.0_241 on DESKTOP-SINPIE2 with PID 11996 (C:\project\apiproject\g119FileApiServices\target\classes started by USER in C:\project\apiproject\g119FileApiServices)
[2022-06-24 14:27:08:1437437][restartedMain] DEBUG k.n.s.G119FileApiServicesApplication - Running with Spring Boot v2.5.6, Spring v5.3.12
[2022-06-24 14:27:08:1437437][restartedMain] INFO  k.n.s.G119FileApiServicesApplication - No active profile set, falling back to default profiles: default
[2023-09-11 17:47:10:250][restartedMain] INFO  k.n.s.G119FileApiServicesApplication - Starting G119FileApiServicesApplication using Java 17.0.8 on DESKTOP-2R0TT2A with PID 29740 (C:\Users\USER\Desktop\g119\올포랜드 유지보수 관련\스탠바이(도착지)소스\fileStanBy_v.1.0\g119FileApiServices\target\classes started by USER in C:\Users\USER\Desktop\g119\올포랜드 유지보수 관련\스탠바이(도착지)소스\fileStanBy_v.1.0\g119FileApiServices)
[2023-09-11 17:47:10:252][restartedMain] DEBUG k.n.s.G119FileApiServicesApplication - Running with Spring Boot v2.5.6, Spring v5.3.12
[2023-09-11 17:47:10:252][restartedMain] INFO  k.n.s.G119FileApiServicesApplication - No active profile set, falling back to default profiles: default
[2023-09-11 17:49:28:255][restartedMain] INFO  k.n.s.G119FileApiServicesApplication - Starting G119FileApiServicesApplication using Java 17.0.8 on DESKTOP-2R0TT2A with PID 22248 (C:\Users\USER\Desktop\g119\올포랜드 유지보수 관련\스탠바이(도착지)소스\fileStanBy_v.1.0\g119FileApiServices\target\classes started by USER in C:\Users\USER\Desktop\g119\올포랜드 유지보수 관련\스탠바이(도착지)소스\fileStanBy_v.1.0\g119FileApiServices)
[2023-09-11 17:49:28:256][restartedMain] DEBUG k.n.s.G119FileApiServicesApplication - Running with Spring Boot v2.5.6, Spring v5.3.12
[2023-09-11 17:49:28:256][restartedMain] INFO  k.n.s.G119FileApiServicesApplication - No active profile set, falling back to default profiles: default
[2023-09-11 17:49:29:1296][restartedMain] INFO  k.n.s.G119FileApiServicesApplication - Started G119FileApiServicesApplication in 1.204 seconds (JVM running for 1.489)
[2023-09-11 18:07:19:1071750][restartedMain] INFO  k.n.s.G119FileApiServicesApplication - Starting G119FileApiServicesApplication using Java 17.0.8 on DESKTOP-2R0TT2A with PID 22248 (C:\Users\USER\Desktop\g119\올포랜드 유지보수 관련\스탠바이(도착지)소스\fileStanBy_v.1.0\g119FileApiServices\target\classes started by USER in C:\Users\USER\Desktop\g119\올포랜드 유지보수 관련\스탠바이(도착지)소스\fileStanBy_v.1.0\g119FileApiServices)
[2023-09-11 18:07:19:1071750][restartedMain] DEBUG k.n.s.G119FileApiServicesApplication - Running with Spring Boot v2.5.6, Spring v5.3.12
[2023-09-11 18:07:19:1071750][restartedMain] INFO  k.n.s.G119FileApiServicesApplication - No active profile set, falling back to default profiles: default
[2023-09-11 18:07:21:1073224][restartedMain] INFO  k.n.s.G119FileApiServicesApplication - Starting G119FileApiServicesApplication using Java 17.0.8 on DESKTOP-2R0TT2A with PID 22248 (C:\Users\USER\Desktop\g119\올포랜드 유지보수 관련\스탠바이(도착지)소스\fileStanBy_v.1.0\g119FileApiServices\target\classes started by USER in C:\Users\USER\Desktop\g119\올포랜드 유지보수 관련\스탠바이(도착지)소스\fileStanBy_v.1.0\g119FileApiServices)
[2023-09-11 18:07:21:1073224][restartedMain] DEBUG k.n.s.G119FileApiServicesApplication - Running with Spring Boot v2.5.6, Spring v5.3.12
[2023-09-11 18:07:21:1073224][restartedMain] INFO  k.n.s.G119FileApiServicesApplication - No active profile set, falling back to default profiles: default
[2023-09-11 18:07:21:1073615][restartedMain] INFO  k.n.s.G119FileApiServicesApplication - Started G119FileApiServicesApplication in 0.406 seconds (JVM running for 1073.808)
[2023-09-11 19:19:58:254][restartedMain] INFO  k.n.s.G119FileApiServicesApplication - Starting G119FileApiServicesApplication using Java 17.0.8 on DESKTOP-2R0TT2A with PID 17068 (C:\Users\USER\Desktop\g119\올포랜드 유지보수 관련\스탠바이(도착지)소스\fileStanBy_v.1.0\g119FileApiServices\target\classes started by USER in C:\Users\USER\Desktop\g119\올포랜드 유지보수 관련\스탠바이(도착지)소스\fileStanBy_v.1.0\g119FileApiServices)
[2023-09-11 19:19:58:255][restartedMain] DEBUG k.n.s.G119FileApiServicesApplication - Running with Spring Boot v2.5.6, Spring v5.3.12
[2023-09-11 19:19:58:255][restartedMain] INFO  k.n.s.G119FileApiServicesApplication - No active profile set, falling back to default profiles: default
[2023-09-11 19:23:08:257][restartedMain] INFO  k.n.s.G119FileApiServicesApplication - Starting G119FileApiServicesApplication using Java 17.0.8 on DESKTOP-2R0TT2A with PID 33732 (C:\Users\USER\Desktop\g119\올포랜드 유지보수 관련\스탠바이(도착지)소스\fileStanBy_v.1.0\g119FileApiServices\target\classes started by USER in C:\Users\USER\Desktop\g119\올포랜드 유지보수 관련\스탠바이(도착지)소스\fileStanBy_v.1.0\g119FileApiServices)
[2023-09-11 19:23:08:258][restartedMain] DEBUG k.n.s.G119FileApiServicesApplication - Running with Spring Boot v2.5.6, Spring v5.3.12
[2023-09-11 19:23:08:258][restartedMain] INFO  k.n.s.G119FileApiServicesApplication - No active profile set, falling back to default profiles: default
