[2022/04/07 17:44:44] -------------------------------------
[2022/04/07 17:44:44] JSON getLayername ->Road_as
[2022/04/07 17:44:44] JSON getMsfrtnid ->2111190302
[2022/04/07 17:44:44] JSON getExtention ->shp
[2022/04/07 17:44:44] -------------------------------------
[2022/04/07 17:44:44] -------------------------------------
[2022/04/07 17:44:44] nlipDeleteProc Data
[2022/04/07 17:44:44] layerNm : Road_as
[2022/04/07 17:44:44] msfrtnid : 2111190302
[2022/04/07 17:44:44] type : shp
[2022/04/07 17:44:44] paramKey : 2111190302_Road_as
[2022/04/07 17:44:44] -------------------------------------
[2022/04/07 17:44:49] Geoserver Layer Delete fail --> 2111190302_Road_as
[2022/04/07 17:44:49] -------------------------------------
[2022/04/07 17:44:49] JSON getLayername ->Building_as
[2022/04/07 17:44:49] JSON getMsfrtnid ->2111190302
[2022/04/07 17:44:49] JSON getExtention ->shp
[2022/04/07 17:44:49] -------------------------------------
[2022/04/07 17:44:49] -------------------------------------
[2022/04/07 17:44:49] nlipDeleteProc Data
[2022/04/07 17:44:49] layerNm : Building_as
[2022/04/07 17:44:49] msfrtnid : 2111190302
[2022/04/07 17:44:49] type : shp
[2022/04/07 17:44:49] paramKey : 2111190302_Building_as
[2022/04/07 17:44:49] -------------------------------------
[2022/04/07 17:44:54] Geoserver Layer Delete fail --> 2111190302_Building_as
[2022/04/07 17:44:54] -------------------------------------
[2022/04/07 17:44:54] JSON getLayername ->Agriculture_as
[2022/04/07 17:44:54] JSON getMsfrtnid ->2111190302
[2022/04/07 17:44:54] JSON getExtention ->shp
[2022/04/07 17:44:54] -------------------------------------
[2022/04/07 17:44:54] -------------------------------------
[2022/04/07 17:44:54] nlipDeleteProc Data
[2022/04/07 17:44:54] layerNm : Agriculture_as
[2022/04/07 17:44:54] msfrtnid : 2111190302
[2022/04/07 17:44:54] type : shp
[2022/04/07 17:44:54] paramKey : 2111190302_Agriculture_as
[2022/04/07 17:44:54] -------------------------------------
[2022/04/07 17:44:59] Geoserver Layer Delete fail --> 2111190302_Agriculture_as
[2022/04/07 17:44:59] -------------------------------------
[2022/04/07 17:44:59] JSON getLayername ->Water_as
[2022/04/07 17:44:59] JSON getMsfrtnid ->2111190302
[2022/04/07 17:44:59] JSON getExtention ->shp
[2022/04/07 17:44:59] -------------------------------------
[2022/04/07 17:44:59] -------------------------------------
[2022/04/07 17:44:59] nlipDeleteProc Data
[2022/04/07 17:44:59] layerNm : Water_as
[2022/04/07 17:44:59] msfrtnid : 2111190302
[2022/04/07 17:44:59] type : shp
[2022/04/07 17:44:59] paramKey : 2111190302_Water_as
[2022/04/07 17:44:59] -------------------------------------
[2022/04/07 17:45:04] Geoserver Layer Delete fail --> 2111190302_Water_as
[2022/04/07 17:45:04] -------------------------------------
[2022/04/07 17:45:04] JSON getLayername ->Demographics_as
[2022/04/07 17:45:04] JSON getMsfrtnid ->2111190302
[2022/04/07 17:45:04] JSON getExtention ->shp
[2022/04/07 17:45:04] -------------------------------------
[2022/04/07 17:45:04] -------------------------------------
[2022/04/07 17:45:04] nlipDeleteProc Data
[2022/04/07 17:45:04] layerNm : Demographics_as
[2022/04/07 17:45:04] msfrtnid : 2111190302
[2022/04/07 17:45:04] type : shp
[2022/04/07 17:45:04] paramKey : 2111190302_Demographics_as
[2022/04/07 17:45:04] -------------------------------------
[2022/04/07 17:45:09] Geoserver Layer Delete fail --> 2111190302_Demographics_as
[2022/04/07 17:45:09] -------------------------------------
[2022/04/07 17:45:09] JSON getLayername ->Buldgraphics_as
[2022/04/07 17:45:09] JSON getMsfrtnid ->2111190302
[2022/04/07 17:45:09] JSON getExtention ->shp
[2022/04/07 17:45:09] -------------------------------------
[2022/04/07 17:45:09] -------------------------------------
[2022/04/07 17:45:09] nlipDeleteProc Data
[2022/04/07 17:45:09] layerNm : Buldgraphics_as
[2022/04/07 17:45:09] msfrtnid : 2111190302
[2022/04/07 17:45:09] type : shp
[2022/04/07 17:45:09] paramKey : 2111190302_Buldgraphics_as
[2022/04/07 17:45:09] -------------------------------------
[2022/04/07 17:45:14] Geoserver Layer Delete fail --> 2111190302_Buldgraphics_as
[2022/04/07 17:45:14] -------------------------------------
[2022/04/07 17:45:14] JSON getLayername ->Landgraphics_as
[2022/04/07 17:45:14] JSON getMsfrtnid ->2111190302
[2022/04/07 17:45:14] JSON getExtention ->shp
[2022/04/07 17:45:14] -------------------------------------
[2022/04/07 17:45:14] -------------------------------------
[2022/04/07 17:45:14] nlipDeleteProc Data
[2022/04/07 17:45:14] layerNm : Landgraphics_as
[2022/04/07 17:45:14] msfrtnid : 2111190302
[2022/04/07 17:45:14] type : shp
[2022/04/07 17:45:14] paramKey : 2111190302_Landgraphics_as
[2022/04/07 17:45:14] -------------------------------------
[2022/04/07 17:45:19] Geoserver Layer Delete fail --> 2111190302_Landgraphics_as
[2022/04/07 17:45:19] -------------------------------------
[2022/04/07 17:45:19] JSON getLayername ->(B2) LC08_L1TP_114035_20200414_20200422_01_T1_B2
[2022/04/07 17:45:19] JSON getMsfrtnid ->2111190302
[2022/04/07 17:45:19] JSON getExtention ->tif
[2022/04/07 17:45:19] -------------------------------------
[2022/04/07 17:45:19] -------------------------------------
[2022/04/07 17:45:19] nlipDeleteProc Data
[2022/04/07 17:45:19] layerNm : (B2) LC08_L1TP_114035_20200414_20200422_01_T1_B2
[2022/04/07 17:45:19] msfrtnid : 2111190302
[2022/04/07 17:45:19] type : tif
[2022/04/07 17:45:19] paramKey : 2111190302_(B2) LC08_L1TP_114035_20200414_20200422_01_T1_B2
[2022/04/07 17:45:19] -------------------------------------
[2022/04/07 17:45:19] -------------------------------------
[2022/04/07 17:45:19] nlipDeleteProc Err -> Could not delete nlip File and Geoserver
[2022/04/07 17:45:19] id : 2111190302
[2022/04/07 17:45:19] -------------------------------------
[2022/04/07 17:45:19] -------------------------------------
[2022/04/07 17:45:19] JSON getLayername ->(B3) LC08_L1TP_114035_20200414_20200422_01_T1_B3
[2022/04/07 17:45:19] JSON getMsfrtnid ->2111190302
[2022/04/07 17:45:19] JSON getExtention ->tif
[2022/04/07 17:45:19] -------------------------------------
[2022/04/07 17:45:19] -------------------------------------
[2022/04/07 17:45:19] nlipDeleteProc Data
[2022/04/07 17:45:19] layerNm : (B3) LC08_L1TP_114035_20200414_20200422_01_T1_B3
[2022/04/07 17:45:19] msfrtnid : 2111190302
[2022/04/07 17:45:19] type : tif
[2022/04/07 17:45:19] paramKey : 2111190302_(B3) LC08_L1TP_114035_20200414_20200422_01_T1_B3
[2022/04/07 17:45:19] -------------------------------------
[2022/04/07 17:45:19] -------------------------------------
[2022/04/07 17:45:19] nlipDeleteProc Err -> Could not delete nlip File and Geoserver
[2022/04/07 17:45:19] id : 2111190302
[2022/04/07 17:45:19] -------------------------------------
[2022/04/07 17:45:19] -------------------------------------
[2022/04/07 17:45:19] JSON getLayername ->(G) K3_20200423043412_42327_09361273_L1R_G
[2022/04/07 17:45:19] JSON getMsfrtnid ->2111190302
[2022/04/07 17:45:19] JSON getExtention ->tif
[2022/04/07 17:45:19] -------------------------------------
[2022/04/07 17:45:19] -------------------------------------
[2022/04/07 17:45:19] nlipDeleteProc Data
[2022/04/07 17:45:19] layerNm : (G) K3_20200423043412_42327_09361273_L1R_G
[2022/04/07 17:45:19] msfrtnid : 2111190302
[2022/04/07 17:45:19] type : tif
[2022/04/07 17:45:19] paramKey : 2111190302_(G) K3_20200423043412_42327_09361273_L1R_G
[2022/04/07 17:45:19] -------------------------------------
[2022/04/07 17:45:19] -------------------------------------
[2022/04/07 17:45:19] nlipDeleteProc Err -> Could not delete nlip File and Geoserver
[2022/04/07 17:45:19] id : 2111190302
[2022/04/07 17:45:19] -------------------------------------
[2022/04/07 17:45:19] -------------------------------------
[2022/04/07 17:45:19] JSON getLayername ->(R) K3_20200423043412_42327_09361273_L1R_R
[2022/04/07 17:45:19] JSON getMsfrtnid ->2111190302
[2022/04/07 17:45:19] JSON getExtention ->tif
[2022/04/07 17:45:19] -------------------------------------
[2022/04/07 17:45:19] -------------------------------------
[2022/04/07 17:45:19] nlipDeleteProc Data
[2022/04/07 17:45:19] layerNm : (R) K3_20200423043412_42327_09361273_L1R_R
[2022/04/07 17:45:19] msfrtnid : 2111190302
[2022/04/07 17:45:19] type : tif
[2022/04/07 17:45:19] paramKey : 2111190302_(R) K3_20200423043412_42327_09361273_L1R_R
[2022/04/07 17:45:19] -------------------------------------
[2022/04/07 17:45:19] -------------------------------------
[2022/04/07 17:45:19] nlipDeleteProc Err -> Could not delete nlip File and Geoserver
[2022/04/07 17:45:19] id : 2111190302
[2022/04/07 17:45:19] -------------------------------------
[2022/04/07 17:45:19] -------------------------------------
[2022/04/07 17:45:19] JSON getLayername ->(B2) T52SDF_20200414T020651_B02
[2022/04/07 17:45:19] JSON getMsfrtnid ->2111190302
[2022/04/07 17:45:19] JSON getExtention ->tif
[2022/04/07 17:45:19] -------------------------------------
[2022/04/07 17:45:19] -------------------------------------
[2022/04/07 17:45:19] nlipDeleteProc Data
[2022/04/07 17:45:19] layerNm : (B2) T52SDF_20200414T020651_B02
[2022/04/07 17:45:19] msfrtnid : 2111190302
[2022/04/07 17:45:19] type : tif
[2022/04/07 17:45:19] paramKey : 2111190302_(B2) T52SDF_20200414T020651_B02
[2022/04/07 17:45:19] -------------------------------------
[2022/04/07 17:45:19] -------------------------------------
[2022/04/07 17:45:19] nlipDeleteProc Err -> Could not delete nlip File and Geoserver
[2022/04/07 17:45:19] id : 2111190302
[2022/04/07 17:45:19] -------------------------------------
[2022/04/07 17:45:19] -------------------------------------
[2022/04/07 17:45:19] JSON getLayername ->(B3) T52SDF_20200414T020651_B03
[2022/04/07 17:45:19] JSON getMsfrtnid ->2111190302
[2022/04/07 17:45:19] JSON getExtention ->tif
[2022/04/07 17:45:19] -------------------------------------
[2022/04/07 17:45:19] -------------------------------------
[2022/04/07 17:45:19] nlipDeleteProc Data
[2022/04/07 17:45:19] layerNm : (B3) T52SDF_20200414T020651_B03
[2022/04/07 17:45:19] msfrtnid : 2111190302
[2022/04/07 17:45:19] type : tif
[2022/04/07 17:45:19] paramKey : 2111190302_(B3) T52SDF_20200414T020651_B03
[2022/04/07 17:45:19] -------------------------------------
[2022/04/07 17:45:19] -------------------------------------
[2022/04/07 17:45:19] nlipDeleteProc Err -> Could not delete nlip File and Geoserver
[2022/04/07 17:45:19] id : 2111190302
[2022/04/07 17:45:19] -------------------------------------
[2022/04/07 17:45:19] -------------------------------------
[2022/04/07 17:45:19] JSON getLayername ->(B4) T52SDF_20200414T020651_B04
[2022/04/07 17:45:19] JSON getMsfrtnid ->2111190302
[2022/04/07 17:45:19] JSON getExtention ->tif
[2022/04/07 17:45:19] -------------------------------------
[2022/04/07 17:45:19] -------------------------------------
[2022/04/07 17:45:19] nlipDeleteProc Data
[2022/04/07 17:45:19] layerNm : (B4) T52SDF_20200414T020651_B04
[2022/04/07 17:45:19] msfrtnid : 2111190302
[2022/04/07 17:45:19] type : tif
[2022/04/07 17:45:19] paramKey : 2111190302_(B4) T52SDF_20200414T020651_B04
[2022/04/07 17:45:19] -------------------------------------
[2022/04/07 17:45:19] -------------------------------------
[2022/04/07 17:45:19] nlipDeleteProc Err -> Could not delete nlip File and Geoserver
[2022/04/07 17:45:19] id : 2111190302
[2022/04/07 17:45:19] -------------------------------------
[2022/04/07 17:45:19] -------------------------------------
[2022/04/07 17:45:19] JSON getLayername ->Oo48052
[2022/04/07 17:45:19] JSON getMsfrtnid ->2111190302
[2022/04/07 17:45:19] JSON getExtention ->tif
[2022/04/07 17:45:19] -------------------------------------
[2022/04/07 17:45:19] -------------------------------------
[2022/04/07 17:45:19] nlipDeleteProc Data
[2022/04/07 17:45:19] layerNm : Oo48052
[2022/04/07 17:45:19] msfrtnid : 2111190302
[2022/04/07 17:45:19] type : tif
[2022/04/07 17:45:19] paramKey : 2111190302_Oo48052
[2022/04/07 17:45:19] -------------------------------------
[2022/04/07 17:45:24] Geoserver Layer Delete fail --> 2111190302_Oo48052
[2022/04/07 17:45:24] -------------------------------------
[2022/04/07 17:45:24] JSON getLayername ->oo48052n
[2022/04/07 17:45:24] JSON getMsfrtnid ->2111190302
[2022/04/07 17:45:24] JSON getExtention ->tif
[2022/04/07 17:45:24] -------------------------------------
[2022/04/07 17:45:24] -------------------------------------
[2022/04/07 17:45:24] nlipDeleteProc Data
[2022/04/07 17:45:24] layerNm : oo48052n
[2022/04/07 17:45:24] msfrtnid : 2111190302
[2022/04/07 17:45:24] type : tif
[2022/04/07 17:45:24] paramKey : 2111190302_oo48052n
[2022/04/07 17:45:24] -------------------------------------
[2022/04/07 17:45:29] Geoserver Layer Delete fail --> 2111190302_oo48052n
[2022/04/07 17:45:29] -------------------------------------
[2022/04/07 17:45:29] JSON getLayername ->T52SDF_20200414T020651_obj_raster
[2022/04/07 17:45:29] JSON getMsfrtnid ->2111190302
[2022/04/07 17:45:29] JSON getExtention ->tif
[2022/04/07 17:45:29] -------------------------------------
[2022/04/07 17:45:29] -------------------------------------
[2022/04/07 17:45:29] nlipDeleteProc Data
[2022/04/07 17:45:29] layerNm : T52SDF_20200414T020651_obj_raster
[2022/04/07 17:45:29] msfrtnid : 2111190302
[2022/04/07 17:45:29] type : tif
[2022/04/07 17:45:29] paramKey : 2111190302_T52SDF_20200414T020651_obj_raster
[2022/04/07 17:45:29] -------------------------------------
[2022/04/07 17:45:34] Geoserver Layer Delete fail --> 2111190302_T52SDF_20200414T020651_obj_raster
[2022/04/07 17:45:34] -------------------------------------
[2022/04/07 17:45:34] JSON getLayername ->T52SDF_20200429T020649_obj_raster
[2022/04/07 17:45:34] JSON getMsfrtnid ->2111190302
[2022/04/07 17:45:34] JSON getExtention ->tif
[2022/04/07 17:45:34] -------------------------------------
[2022/04/07 17:45:34] -------------------------------------
[2022/04/07 17:45:34] nlipDeleteProc Data
[2022/04/07 17:45:34] layerNm : T52SDF_20200429T020649_obj_raster
[2022/04/07 17:45:34] msfrtnid : 2111190302
[2022/04/07 17:45:34] type : tif
[2022/04/07 17:45:34] paramKey : 2111190302_T52SDF_20200429T020649_obj_raster
[2022/04/07 17:45:34] -------------------------------------
[2022/04/07 17:45:39] Geoserver Layer Delete fail --> 2111190302_T52SDF_20200429T020649_obj_raster
[2022/04/07 17:45:39] -------------------------------------
[2022/04/07 17:45:39] JSON getLayername ->T52SDF_20200414T020651_obj_vector
[2022/04/07 17:45:39] JSON getMsfrtnid ->2111190302
[2022/04/07 17:45:39] JSON getExtention ->shp
[2022/04/07 17:45:39] -------------------------------------
[2022/04/07 17:45:39] -------------------------------------
[2022/04/07 17:45:39] nlipDeleteProc Data
[2022/04/07 17:45:39] layerNm : T52SDF_20200414T020651_obj_vector
[2022/04/07 17:45:39] msfrtnid : 2111190302
[2022/04/07 17:45:39] type : shp
[2022/04/07 17:45:39] paramKey : 2111190302_T52SDF_20200414T020651_obj_vector
[2022/04/07 17:45:39] -------------------------------------
[2022/04/07 17:45:44] Geoserver Layer Delete fail --> 2111190302_T52SDF_20200414T020651_obj_vector
[2022/04/07 17:45:44] -------------------------------------
[2022/04/07 17:45:44] JSON getLayername ->T52SDF_20200429T020649_obj_vector
[2022/04/07 17:45:44] JSON getMsfrtnid ->2111190302
[2022/04/07 17:45:44] JSON getExtention ->shp
[2022/04/07 17:45:44] -------------------------------------
[2022/04/07 17:45:44] -------------------------------------
[2022/04/07 17:45:44] nlipDeleteProc Data
[2022/04/07 17:45:44] layerNm : T52SDF_20200429T020649_obj_vector
[2022/04/07 17:45:44] msfrtnid : 2111190302
[2022/04/07 17:45:44] type : shp
[2022/04/07 17:45:44] paramKey : 2111190302_T52SDF_20200429T020649_obj_vector
[2022/04/07 17:45:44] -------------------------------------
[2022/04/07 17:45:49] Geoserver Layer Delete fail --> 2111190302_T52SDF_20200429T020649_obj_vector
[2022/04/07 17:45:49] -------------------------------------
[2022/04/07 17:45:49] JSON getLayername ->T52SDF_20200414T020651_T52SDF_20200429T020649_chg_raster
[2022/04/07 17:45:49] JSON getMsfrtnid ->2111190302
[2022/04/07 17:45:49] JSON getExtention ->tif
[2022/04/07 17:45:49] -------------------------------------
[2022/04/07 17:45:49] -------------------------------------
[2022/04/07 17:45:49] nlipDeleteProc Data
[2022/04/07 17:45:49] layerNm : T52SDF_20200414T020651_T52SDF_20200429T020649_chg_raster
[2022/04/07 17:45:49] msfrtnid : 2111190302
[2022/04/07 17:45:49] type : tif
[2022/04/07 17:45:49] paramKey : 2111190302_T52SDF_20200414T020651_T52SDF_20200429T020649_chg_raster
[2022/04/07 17:45:49] -------------------------------------
[2022/04/07 17:45:54] Geoserver Layer Delete fail --> 2111190302_T52SDF_20200414T020651_T52SDF_20200429T020649_chg_raster
[2022/04/07 17:45:54] -------------------------------------
[2022/04/07 17:45:54] JSON getLayername ->T52SDF_20200414T020651_T52SDF_20200429T020649_chg_vector
[2022/04/07 17:45:54] JSON getMsfrtnid ->2111190302
[2022/04/07 17:45:54] JSON getExtention ->shp
[2022/04/07 17:45:54] -------------------------------------
[2022/04/07 17:45:54] -------------------------------------
[2022/04/07 17:45:54] nlipDeleteProc Data
[2022/04/07 17:45:54] layerNm : T52SDF_20200414T020651_T52SDF_20200429T020649_chg_vector
[2022/04/07 17:45:54] msfrtnid : 2111190302
[2022/04/07 17:45:54] type : shp
[2022/04/07 17:45:54] paramKey : 2111190302_T52SDF_20200414T020651_T52SDF_20200429T020649_chg_vector
[2022/04/07 17:45:54] -------------------------------------
[2022/04/07 17:45:59] Geoserver Layer Delete fail --> 2111190302_T52SDF_20200414T020651_T52SDF_20200429T020649_chg_vector
[2022/04/07 17:45:59] -------------------------------------
[2022/04/07 17:45:59] JSON getLayername ->(B4) LC08_L1TP_114035_20200414_20200422_01_T1_B4
[2022/04/07 17:45:59] JSON getMsfrtnid ->2111190302
[2022/04/07 17:45:59] JSON getExtention ->tif
[2022/04/07 17:45:59] -------------------------------------
[2022/04/07 17:45:59] -------------------------------------
[2022/04/07 17:45:59] nlipDeleteProc Data
[2022/04/07 17:45:59] layerNm : (B4) LC08_L1TP_114035_20200414_20200422_01_T1_B4
[2022/04/07 17:45:59] msfrtnid : 2111190302
[2022/04/07 17:45:59] type : tif
[2022/04/07 17:45:59] paramKey : 2111190302_(B4) LC08_L1TP_114035_20200414_20200422_01_T1_B4
[2022/04/07 17:45:59] -------------------------------------
[2022/04/07 17:45:59] -------------------------------------
[2022/04/07 17:45:59] nlipDeleteProc Err -> Could not delete nlip File and Geoserver
[2022/04/07 17:45:59] id : 2111190302
[2022/04/07 17:45:59] -------------------------------------
[2022/04/07 17:45:59] -------------------------------------
[2022/04/07 17:45:59] JSON getLayername ->(B) K3_20200423043412_42327_09361273_L1R_B
[2022/04/07 17:45:59] JSON getMsfrtnid ->2111190302
[2022/04/07 17:45:59] JSON getExtention ->tif
[2022/04/07 17:45:59] -------------------------------------
[2022/04/07 17:45:59] -------------------------------------
[2022/04/07 17:45:59] nlipDeleteProc Data
[2022/04/07 17:45:59] layerNm : (B) K3_20200423043412_42327_09361273_L1R_B
[2022/04/07 17:45:59] msfrtnid : 2111190302
[2022/04/07 17:45:59] type : tif
[2022/04/07 17:45:59] paramKey : 2111190302_(B) K3_20200423043412_42327_09361273_L1R_B
[2022/04/07 17:45:59] -------------------------------------
[2022/04/07 17:45:59] -------------------------------------
[2022/04/07 17:45:59] nlipDeleteProc Err -> Could not delete nlip File and Geoserver
[2022/04/07 17:45:59] id : 2111190302
[2022/04/07 17:45:59] -------------------------------------
[2022/05/17 16:21:56] -------------------------------------
[2022/05/17 16:21:56] storeFile Call
[2022/05/17 16:21:56] fileName : 2201060401.zip filepath : D:/g119/sync/ Directory is created.
[2022/05/17 16:21:56] copy : D:\g119\sync\2201060401.zip TO D:\g119\sync\2201060401.zip copied.
[2022/05/17 16:21:56] -------------------------------------
[2022/05/17 16:27:02] -------------------------------------
[2022/05/17 16:27:02] storeFile Call
[2022/05/17 16:27:02] fileName : 2201060401.zip filepath : D:/g119/sync/ Directory is created.
[2022/05/17 16:27:02] copy : D:\g119\sync\2201060401.zip TO D:\g119\sync\2201060401.zip copied.
[2022/05/17 16:27:02] -------------------------------------
[2022/05/17 16:31:25] -------------------------------------
[2022/05/17 16:31:25] storeFile Call
[2022/05/17 16:31:25] fileName : 2201060401.zip filepath : D:/g119/sync/ Directory is created.
[2022/05/17 16:31:25] copy : D:\g119\sync\2201060401.zip TO D:\g119\sync\2201060401.zip copied.
[2022/05/17 16:31:25] -------------------------------------
[2022/05/17 16:32:58] -------------------------------------
[2022/05/17 16:32:58] uploadFile Call
[2022/05/17 16:32:58] fileName : 2201060401.zip
[2022/05/17 16:32:58] -------------------------------------
[2022/05/17 16:38:58] -------------------------------------
[2022/05/17 16:38:58] storeFile Call
[2022/05/17 16:38:58] fileName : 2107060101.zip filepath : D:/g119/sync/ Directory is created.
[2022/05/17 16:38:58] copy : D:\g119\sync\2107060101.zip TO D:\g119\sync\2107060101.zip copied.
[2022/05/17 16:38:58] -------------------------------------
[2022/05/17 16:39:21] -------------------------------------
[2022/05/17 16:39:21] uploadFile Call
[2022/05/17 16:39:21] fileName : 2107060101.zip
[2022/05/17 16:39:21] -------------------------------------
[2022/06/24 11:14:59] -------------------------------------
[2022/06/24 11:14:59] storeFile Call
[2022/06/24 11:14:59] fileName : 2111190303.zip filepath : D:/g119/sync/ Directory is created.
[2022/06/24 11:14:59] copy : D:\g119\sync\2111190303.zip TO D:\g119\sync\2111190303.zip copied.
[2022/06/24 11:14:59] -------------------------------------
[2022/06/24 11:30:42] -------------------------------------
[2022/06/24 11:30:42] uploadFile Call
[2022/06/24 11:30:42] fileName : 2111190303.zip
[2022/06/24 11:30:42] -------------------------------------
[2022/06/24 11:31:05] -------------------------------------
[2022/06/24 11:31:05] storeFile Call
[2022/06/24 11:31:05] fileName : 2111190303.zip filepath : D:/g119/sync/ Directory is created.
[2022/06/24 11:31:05] copy : D:\g119\sync\2111190303.zip TO D:\g119\sync\2111190303.zip copied.
[2022/06/24 11:31:05] -------------------------------------
[2022/06/24 11:41:38] -------------------------------------
[2022/06/24 11:41:38] uploadFile Call
[2022/06/24 11:41:38] fileName : 2111190303.zip
[2022/06/24 11:41:38] -------------------------------------
[2022/06/24 14:03:40] -------------------------------------
[2022/06/24 14:03:40] storeFile Call
[2022/06/24 14:03:40] fileName : 2111190303.zip filepath : D:/g119/sync/ Directory is created.
[2022/06/24 14:03:40] copy : D:\g119\sync\2111190303.zip TO D:\g119\sync\2111190303.zip copied.
[2022/06/24 14:03:40] -------------------------------------
[2022/06/24 14:25:13] -------------------------------------
[2022/06/24 14:25:13] uploadFile Call
[2022/06/24 14:25:13] fileName : 2111190303.zip
[2022/06/24 14:25:13] -------------------------------------
[2022/06/24 14:26:20] -------------------------------------
[2022/06/24 14:26:20] storeFile Call
[2022/06/24 14:26:20] fileName : 2111190303.zip filepath : D:/g119/sync/ Directory is created.
[2022/06/24 14:26:20] copy : D:\g119\sync\2111190303.zip TO D:\g119\sync\2111190303.zip copied.
[2022/06/24 14:26:20] -------------------------------------
[2022/06/24 14:26:25] -------------------------------------
[2022/06/24 14:26:25] uploadFile Call
[2022/06/24 14:26:25] fileName : 2111190303.zip
[2022/06/24 14:26:25] -------------------------------------
