[2021/12/06 13:12:24] -------------------------------------
[2021/12/06 13:12:24] loadFileAsResource Call
[2021/12/06 13:12:24] 파일을 찾을 수 없습니다.
[2021/12/06 13:12:24] Exception : FileNotFoundException
[2021/12/06 13:12:24] -------------------------------------
[2021/12/06 13:12:29] -------------------------------------
[2021/12/06 13:12:29] loadFileAsResource Call
[2021/12/06 13:12:29] 파일을 찾을 수 없습니다.
[2021/12/06 13:12:29] Exception : FileNotFoundException
[2021/12/06 13:12:29] -------------------------------------
[2021/12/06 13:13:14] -------------------------------------
[2021/12/06 13:13:14] loadFileAsResource Call
[2021/12/06 13:13:14] D:\TEST\2110130123302.zip2110130123302.zip파일을 찾을 수 없습니다.
[2021/12/06 13:13:14] Exception : FileNotFoundException
[2021/12/06 13:13:14] -------------------------------------
[2021/12/06 13:13:30] -------------------------------------
[2021/12/06 13:13:30] loadFileAsResource Call
[2021/12/06 13:13:30] D:\TEST\2110130123302.zip파일을 찾을 수 없습니다.
[2021/12/06 13:13:30] Exception : FileNotFoundException
[2021/12/06 13:13:30] -------------------------------------
[2021/12/06 13:16:03] -------------------------------------
[2021/12/06 13:16:03] loadFileAsResource Call
[2021/12/06 13:16:03] D:\TEST\2110130123302.zip 파일을 찾을 수 없습니다.
[2021/12/06 13:16:03] Exception : FileNotFoundException
[2021/12/06 13:16:03] -------------------------------------
[2021/12/06 13:17:54] -------------------------------------
[2021/12/06 13:17:54] loadFileAsResource Call
[2021/12/06 13:17:54] D:\TEST\2110130123302.zip 파일을 찾을 수 없습니다.
[2021/12/06 13:17:54] Exception : FileNotFoundException
[2021/12/06 13:17:54] -------------------------------------
[2021/12/06 13:27:53] -------------------------------------
[2021/12/06 13:27:53] loadFileAsResource Call
[2021/12/06 13:27:53] D:\TEST\2110130123302.zip 파일을 찾을 수 없습니다.
[2021/12/06 13:27:53] Exception : FileNotFoundException
[2021/12/06 13:27:53] -------------------------------------
[2021/12/06 13:27:57] -------------------------------------
[2021/12/06 13:27:57] loadFileAsResource Call
[2021/12/06 13:27:57] D:\TEST\2110130123302.zip 파일을 찾을 수 없습니다.
[2021/12/06 13:27:57] Exception : FileNotFoundException
[2021/12/06 13:27:57] -------------------------------------
[2021/12/06 14:23:16] -------------------------------------
[2021/12/06 14:23:16] storeFile Call
[2021/12/06 14:23:16] [chrome.exe] 파일 업로드에 실패하였습니다. 다시 시도하십시오.
[2021/12/06 14:23:16] Exception : java.nio.file.DirectoryNotEmptyException: D:\TEST
[2021/12/06 14:23:16] -------------------------------------
[2021/12/06 14:23:39] -------------------------------------
[2021/12/06 14:23:39] storeFile Call
[2021/12/06 14:23:39] [chrome.exe] 파일 업로드에 실패하였습니다. 다시 시도하십시오.
[2021/12/06 14:23:39] Exception : java.nio.file.DirectoryNotEmptyException: D:\TEST
[2021/12/06 14:23:39] -------------------------------------
[2021/12/06 14:23:46] -------------------------------------
[2021/12/06 14:23:46] storeFile Call
[2021/12/06 14:23:46] [chrome.exe] 파일 업로드에 실패하였습니다. 다시 시도하십시오.
[2021/12/06 14:23:46] Exception : java.nio.file.DirectoryNotEmptyException: D:\TEST
[2021/12/06 14:23:46] -------------------------------------
[2021/12/06 14:25:13] -------------------------------------
[2021/12/06 14:25:13] storeFile Call
[2021/12/06 14:25:13] [chrome.exe] 파일 업로드에 실패하였습니다. 다시 시도하십시오.
[2021/12/06 14:25:13] Exception : java.nio.file.DirectoryNotEmptyException: D:\TEST
[2021/12/06 14:25:13] -------------------------------------
[2021/12/06 14:25:15] -------------------------------------
[2021/12/06 14:25:15] storeFile Call
[2021/12/06 14:25:15] [chrome.exe] 파일 업로드에 실패하였습니다. 다시 시도하십시오.
[2021/12/06 14:25:15] Exception : java.nio.file.DirectoryNotEmptyException: D:\TEST
[2021/12/06 14:25:15] -------------------------------------
[2021/12/06 14:25:38] -------------------------------------
[2021/12/06 14:25:38] storeFile Call
[2021/12/06 14:25:38] [chrome.exe] 파일 업로드에 실패하였습니다. 다시 시도하십시오.
[2021/12/06 14:25:38] Exception : java.nio.file.DirectoryNotEmptyException: D:\TEST
[2021/12/06 14:25:38] -------------------------------------
[2021/12/06 14:26:05] -------------------------------------
[2021/12/06 14:26:05] storeFile Call
[2021/12/06 14:26:05] [chrome.exe] 파일 업로드에 실패하였습니다. 다시 시도하십시오.
[2021/12/06 14:26:05] Exception : java.nio.file.DirectoryNotEmptyException: D:\TEST
[2021/12/06 14:26:05] -------------------------------------
[2021/12/06 14:26:11] -------------------------------------
[2021/12/06 14:26:11] storeFile Call
[2021/12/06 14:26:11] [chrome.exe] 파일 업로드에 실패하였습니다. 다시 시도하십시오.
[2021/12/06 14:26:11] Exception : java.nio.file.DirectoryNotEmptyException: D:\TEST
[2021/12/06 14:26:11] -------------------------------------
[2021/12/06 15:01:51] -------------------------------------
[2021/12/06 15:01:51] storeFile Call
[2021/12/06 15:01:51] [chrome.exe] Directory Exception occurred.
[2021/12/06 15:01:51] -------------------------------------
[2021/12/06 15:02:01] -------------------------------------
[2021/12/06 15:02:01] storeFile Call
[2021/12/06 15:02:01] [chrome.exe] Directory Exception occurred.
[2021/12/06 15:02:01] -------------------------------------
[2021/12/06 15:03:39] -------------------------------------
[2021/12/06 15:03:39] storeFile Call
[2021/12/06 15:03:39] [chrome.exe] Directory Exception occurred.
[2021/12/06 15:03:39] -------------------------------------
[2021/12/06 15:05:16] -------------------------------------
[2021/12/06 15:05:16] storeFile Call
[2021/12/06 15:05:16] [chrome.exe] Directory Exception occurred.
[2021/12/06 15:05:16] -------------------------------------
[2021/12/06 15:06:20] -------------------------------------
[2021/12/06 15:06:20] storeFile Call
[2021/12/06 15:06:20] [chrome.exe] Directory Exception occurred.
[2021/12/06 15:06:20] -------------------------------------
[2021/12/06 15:07:01] -------------------------------------
[2021/12/06 15:07:01] storeFile Call
[2021/12/06 15:07:01] [chrome.exe] Directory Exception occurred.
[2021/12/06 15:07:01] -------------------------------------
[2021/12/06 15:18:39] -------------------------------------
[2021/12/06 15:18:39] storeFile Call
[2021/12/06 15:18:39] [chrome.exe] Directory Exception occurred.
[2021/12/06 15:18:39] -------------------------------------
[2021/12/06 15:23:21] -------------------------------------
[2021/12/06 15:23:21] storeFile Call
[2021/12/06 15:23:21] [chrome.exe] Directory Exception occurred.
[2021/12/06 15:23:21] -------------------------------------
[2021/12/06 15:23:54] -------------------------------------
[2021/12/06 15:23:54] storeFile Call
[2021/12/06 15:23:54] [chrome.exe] Directory Exception occurred.
[2021/12/06 15:23:54] -------------------------------------
[2021/12/06 15:25:57] -------------------------------------
[2021/12/06 15:25:57] storeFile Call
[2021/12/06 15:25:57] [chrome.exe] Directory Exception occurred.
[2021/12/06 15:25:57] -------------------------------------
[2021/12/06 15:50:21] -------------------------------------
[2021/12/06 15:50:21] storeFile Call
[2021/12/06 15:50:21] [master_preferences] 파일 업로드에 실패하였습니다. 다시 시도하십시오.
[2021/12/06 15:50:21] Exception : java.lang.ArrayIndexOutOfBoundsException: 1
[2021/12/06 15:50:21] -------------------------------------
[2021/12/06 15:50:38] -------------------------------------
[2021/12/06 15:50:38] storeFile Call
[2021/12/06 15:50:38] [master_preferences] 파일 업로드에 실패하였습니다. 다시 시도하십시오.
[2021/12/06 15:50:38] Exception : java.lang.ArrayIndexOutOfBoundsException: 1
[2021/12/06 15:50:38] -------------------------------------
[2021/12/06 15:50:54] -------------------------------------
[2021/12/06 15:50:54] storeFile Call
[2021/12/06 15:50:54] [master_preferences] 파일 업로드에 실패하였습니다. 다시 시도하십시오.
[2021/12/06 15:50:54] Exception : java.lang.ArrayIndexOutOfBoundsException: 1
[2021/12/06 15:50:54] -------------------------------------
[2021/12/06 15:51:01] -------------------------------------
[2021/12/06 15:51:01] storeFile Call
[2021/12/06 15:51:01] [master_preferences] 파일 업로드에 실패하였습니다. 다시 시도하십시오.
[2021/12/06 15:51:01] Exception : java.lang.ArrayIndexOutOfBoundsException: 1
[2021/12/06 15:51:01] -------------------------------------
[2021/12/06 15:59:58] -------------------------------------
[2021/12/06 15:59:58] storeFile Call
[2021/12/06 15:59:58] [[강원도-양양] 여름힐링휴가.docx] Directory Exception occurred.
[2021/12/06 15:59:58] -------------------------------------
